This is pdfTeX, Version 3.14159265-2.6-1.40.18 (MiKTeX 2.9.6500 64-bit) (preloaded format=pdflatex 2018.11.8)  20 MAY 2019 15:32
entering extended mode
**./Report.tex
(Report.tex
LaTeX2e <2017-04-15>
Babel <3.15> and hyphenation patterns for 76 language(s) loaded.
("C:\Program Files\MiKTeX 2.9\tex\latex\base\report.cls"
Document Class: report 2014/09/29 v1.4h Standard LaTeX document class
("C:\Program Files\MiKTeX 2.9\tex\latex\base\size12.clo"
File: size12.clo 2014/09/29 v1.4h Standard LaTeX file (size option)
)
\c@part=\count79
\c@chapter=\count80
\c@section=\count81
\c@subsection=\count82
\c@subsubsection=\count83
\c@paragraph=\count84
\c@subparagraph=\count85
\c@figure=\count86
\c@table=\count87
\abovecaptionskip=\skip41
\belowcaptionskip=\skip42
\bibindent=\dimen102
)
("C:\Program Files\MiKTeX 2.9\tex\latex\cite\cite.sty"
LaTeX Info: Redefining \cite on input line 302.
LaTeX Info: Redefining \nocite on input line 332.
Package: cite 2015/02/27  v 5.5
)
("C:\Program Files\MiKTeX 2.9\tex\latex\tools\longtable.sty"
Package: longtable 2014/10/28 v4.11 Multi-page Table package (DPC)
\LTleft=\skip43
\LTright=\skip44
\LTpre=\skip45
\LTpost=\skip46
\LTchunksize=\count88
\LTcapwidth=\dimen103
\LT@head=\box26
\LT@firsthead=\box27
\LT@foot=\box28
\LT@lastfoot=\box29
\LT@cols=\count89
\LT@rows=\count90
\c@LT@tables=\count91
\c@LT@chunks=\count92
\LT@p@ftn=\toks14
)
("C:\Program Files\MiKTeX 2.9\tex\latex\graphics\graphicx.sty"
Package: graphicx 2017/06/01 v1.1a Enhanced LaTeX Graphics (DPC,SPQR)

("C:\Program Files\MiKTeX 2.9\tex\latex\graphics\keyval.sty"
Package: keyval 2014/10/28 v1.15 key=value parser (DPC)
\KV@toks@=\toks15
)
("C:\Program Files\MiKTeX 2.9\tex\latex\graphics\graphics.sty"
Package: graphics 2017/06/25 v1.2c Standard LaTeX Graphics (DPC,SPQR)

("C:\Program Files\MiKTeX 2.9\tex\latex\graphics\trig.sty"
Package: trig 2016/01/03 v1.10 sin cos tan (DPC)
)
("C:\Program Files\MiKTeX 2.9\tex\latex\graphics-cfg\graphics.cfg"
File: graphics.cfg 2016/06/04 v1.11 sample graphics configuration
)
Package graphics Info: Driver file: dvips.def on input line 99.

("C:\Program Files\MiKTeX 2.9\tex\latex\graphics-def\dvips.def"
File: dvips.def 2017/06/20 v3.1d Graphics/color driver for dvips
))
\Gin@req@height=\dimen104
\Gin@req@width=\dimen105
)
("C:\Program Files\MiKTeX 2.9\tex\latex\graphics\color.sty"
Package: color 2016/07/10 v1.1e Standard LaTeX Color (DPC)

("C:\Program Files\MiKTeX 2.9\tex\latex\graphics-cfg\color.cfg"
File: color.cfg 2016/01/02 v1.6 sample color configuration
)
Package color Info: Driver file: dvips.def on input line 147.

("C:\Program Files\MiKTeX 2.9\tex\latex\graphics\dvipsnam.def"
File: dvipsnam.def 2016/06/17 v3.0m Driver-dependent file (DPC,SPQR)
))
("C:\Program Files\MiKTeX 2.9\tex\latex\base\makeidx.sty"
Package: makeidx 2014/09/29 v1.0m Standard LaTeX package
)
("C:\Program Files\MiKTeX 2.9\tex\latex\nomencl\nomencl.sty"
Package: nomencl 2005/09/22 v4.2 Nomenclature package (LN)
\nomlabelwidth=\dimen106
\nom@tempdim=\dimen107
\nomitemsep=\skip47
)
("C:\Program Files\MiKTeX 2.9\tex\latex\float\float.sty"
Package: float 2001/11/08 v1.3d Float enhancements (AL)
\c@float@type=\count93
\float@exts=\toks16
\float@box=\box30
\@float@everytoks=\toks17
\@floatcapt=\box31
)
("C:\Program Files\MiKTeX 2.9\tex\latex\amsmath\amsmath.sty"
Package: amsmath 2017/09/02 v2.17a AMS math features
\@mathmargin=\skip48

For additional information on amsmath, use the `?' option.
("C:\Program Files\MiKTeX 2.9\tex\latex\amsmath\amstext.sty"
Package: amstext 2000/06/29 v2.01 AMS text

("C:\Program Files\MiKTeX 2.9\tex\latex\amsmath\amsgen.sty"
File: amsgen.sty 1999/11/30 v2.0 generic functions
\@emptytoks=\toks18
\ex@=\dimen108
))
("C:\Program Files\MiKTeX 2.9\tex\latex\amsmath\amsbsy.sty"
Package: amsbsy 1999/11/29 v1.2d Bold Symbols
\pmbraise@=\dimen109
)
("C:\Program Files\MiKTeX 2.9\tex\latex\amsmath\amsopn.sty"
Package: amsopn 2016/03/08 v2.02 operator names
)
\inf@bad=\count94
LaTeX Info: Redefining \frac on input line 213.
\uproot@=\count95
\leftroot@=\count96
LaTeX Info: Redefining \overline on input line 375.
\classnum@=\count97
\DOTSCASE@=\count98
LaTeX Info: Redefining \ldots on input line 472.
LaTeX Info: Redefining \dots on input line 475.
LaTeX Info: Redefining \cdots on input line 596.
\Mathstrutbox@=\box32
\strutbox@=\box33
\big@size=\dimen110
LaTeX Font Info:    Redeclaring font encoding OML on input line 712.
LaTeX Font Info:    Redeclaring font encoding OMS on input line 713.
\macc@depth=\count99
\c@MaxMatrixCols=\count100
\dotsspace@=\muskip10
\c@parentequation=\count101
\dspbrk@lvl=\count102
\tag@help=\toks19
\row@=\count103
\column@=\count104
\maxfields@=\count105
\andhelp@=\toks20
\eqnshift@=\dimen111
\alignsep@=\dimen112
\tagshift@=\dimen113
\tagwidth@=\dimen114
\totwidth@=\dimen115
\lineht@=\dimen116
\@envbody=\toks21
\multlinegap=\skip49
\multlinetaggap=\skip50
\mathdisplay@stack=\toks22
LaTeX Info: Redefining \[ on input line 2817.
LaTeX Info: Redefining \] on input line 2818.
)
("C:\Program Files\MiKTeX 2.9\tex\latex\amsfonts\amssymb.sty"
Package: amssymb 2013/01/14 v3.01 AMS font symbols

("C:\Program Files\MiKTeX 2.9\tex\latex\amsfonts\amsfonts.sty"
Package: amsfonts 2013/01/14 v3.01 Basic AMSFonts support
\symAMSa=\mathgroup4
\symAMSb=\mathgroup5
LaTeX Font Info:    Overwriting math alphabet `\mathfrak' in version `bold'
(Font)                  U/euf/m/n --> U/euf/b/n on input line 106.
))
("C:\Program Files\MiKTeX 2.9\tex\latex\tools\multicol.sty"
Package: multicol 2017/04/11 v1.8q multicolumn formatting (FMi)
\c@tracingmulticols=\count106
\mult@box=\box34
\multicol@leftmargin=\dimen117
\c@unbalance=\count107
\c@collectmore=\count108
\doublecol@number=\count109
\multicoltolerance=\count110
\multicolpretolerance=\count111
\full@width=\dimen118
\page@free=\dimen119
\premulticols=\dimen120
\postmulticols=\dimen121
\multicolsep=\skip51
\multicolbaselineskip=\skip52
\partial@page=\box35
\last@line=\box36
\maxbalancingoverflow=\dimen122
\mult@rightbox=\box37
\mult@grightbox=\box38
\mult@gfirstbox=\box39
\mult@firstbox=\box40
\@tempa=\box41
\@tempa=\box42
\@tempa=\box43
\@tempa=\box44
\@tempa=\box45
\@tempa=\box46
\@tempa=\box47
\@tempa=\box48
\@tempa=\box49
\@tempa=\box50
\@tempa=\box51
\@tempa=\box52
\@tempa=\box53
\@tempa=\box54
\@tempa=\box55
\@tempa=\box56
\@tempa=\box57
\c@columnbadness=\count112
\c@finalcolumnbadness=\count113
\last@try=\dimen123
\multicolovershoot=\dimen124
\multicolundershoot=\dimen125
\mult@nat@firstbox=\box58
\colbreak@box=\box59
\mc@col@check@num=\count114
)
("C:\Program Files\MiKTeX 2.9\tex\latex\doublestroke\dsfont.sty"
Package: dsfont 1995/08/01 v0.1 Double stroke roman fonts
)
("C:\Program Files\MiKTeX 2.9\tex\latex\footmisc\footmisc.sty"
Package: footmisc 2011/06/06 v5.5b a miscellany of footnote facilities
\FN@temptoken=\toks23
\footnotemargin=\dimen126
\c@pp@next@reset=\count115
Package footmisc Info: Declaring symbol style bringhurst on input line 855.
Package footmisc Info: Declaring symbol style chicago on input line 863.
Package footmisc Info: Declaring symbol style wiley on input line 872.
Package footmisc Info: Declaring symbol style lamport-robust on input line 883.

Package footmisc Info: Declaring symbol style lamport* on input line 903.
Package footmisc Info: Declaring symbol style lamport*-robust on input line 924
.
)
("C:\Program Files\MiKTeX 2.9\tex\latex\subfigure\subfigure.sty"
Package: subfigure 2002/07/30 v2.1.4 subfigure package
\subfigtopskip=\skip53
\subfigcapskip=\skip54
\subfigcaptopadj=\dimen127
\subfigbottomskip=\skip55
\subfigcapmargin=\dimen128
\subfiglabelskip=\skip56
\c@subfigure=\count116
\c@lofdepth=\count117
\c@subtable=\count118
\c@lotdepth=\count119

****************************************
* Local config file subfigure.cfg used *
****************************************
("C:\Program Files\MiKTeX 2.9\tex\latex\subfigure\subfigure.cfg")
\subfig@top=\skip57
\subfig@bottom=\skip58
)
("C:\Program Files\MiKTeX 2.9\tex\latex\base\fontenc.sty"
Package: fontenc 2017/04/05 v2.0i Standard LaTeX package

("C:\Program Files\MiKTeX 2.9\tex\latex\cyrillic\ot2enc.def"
File: ot2enc.def 2001/08/11 v3.3a Cyrillic encoding definition file
)
("C:\Program Files\MiKTeX 2.9\tex\latex\base\ot1enc.def"
File: ot1enc.def 2017/04/05 v2.0i Standard LaTeX file
LaTeX Font Info:    Redeclaring font encoding OT1 on input line 48.
))
\c@definition=\count120
\c@remark=\count121
\c@thm=\count122

("C:\Program Files\MiKTeX 2.9\tex\latex\pgf\frontendlayer\tikz.sty"
("C:\Program Files\MiKTeX 2.9\tex\latex\pgf\basiclayer\pgf.sty"
("C:\Program Files\MiKTeX 2.9\tex\latex\pgf\utilities\pgfrcs.sty"
("C:\Program Files\MiKTeX 2.9\tex\generic\pgf\utilities\pgfutil-common.tex"
\pgfutil@everybye=\toks24
\pgfutil@tempdima=\dimen129
\pgfutil@tempdimb=\dimen130

("C:\Program Files\MiKTeX 2.9\tex\generic\pgf\utilities\pgfutil-common-lists.te
x")) ("C:\Program Files\MiKTeX 2.9\tex\generic\pgf\utilities\pgfutil-latex.def"
\pgfutil@abb=\box60
("C:\Program Files\MiKTeX 2.9\tex\latex\ms\everyshi.sty"
Package: everyshi 2001/05/15 v3.00 EveryShipout Package (MS)
))
("C:\Program Files\MiKTeX 2.9\tex\generic\pgf\utilities\pgfrcs.code.tex"
Package: pgfrcs 2015/08/07 v3.0.1a (rcs-revision 1.31)
))
Package: pgf 2015/08/07 v3.0.1a (rcs-revision 1.15)

("C:\Program Files\MiKTeX 2.9\tex\latex\pgf\basiclayer\pgfcore.sty"
("C:\Program Files\MiKTeX 2.9\tex\latex\pgf\systemlayer\pgfsys.sty"
("C:\Program Files\MiKTeX 2.9\tex\generic\pgf\systemlayer\pgfsys.code.tex"
Package: pgfsys 2014/07/09 v3.0.1a (rcs-revision 1.48)

("C:\Program Files\MiKTeX 2.9\tex\generic\pgf\utilities\pgfkeys.code.tex"
\pgfkeys@pathtoks=\toks25
\pgfkeys@temptoks=\toks26

("C:\Program Files\MiKTeX 2.9\tex\generic\pgf\utilities\pgfkeysfiltered.code.te
x"
\pgfkeys@tmptoks=\toks27
))
\pgf@x=\dimen131
\pgf@y=\dimen132
\pgf@xa=\dimen133
\pgf@ya=\dimen134
\pgf@xb=\dimen135
\pgf@yb=\dimen136
\pgf@xc=\dimen137
\pgf@yc=\dimen138
\w@pgf@writea=\write3
\r@pgf@reada=\read1
\c@pgf@counta=\count123
\c@pgf@countb=\count124
\c@pgf@countc=\count125
\c@pgf@countd=\count126
\t@pgf@toka=\toks28
\t@pgf@tokb=\toks29
\t@pgf@tokc=\toks30
 ("C:\Program Files\MiKTeX 2.9\tex\generic\pgf\systemlayer\pgf.cfg"
File: pgf.cfg 2008/05/14  (rcs-revision 1.7)
)
Driver file for pgf: pgfsys-dvips.def

("C:\Program Files\MiKTeX 2.9\tex\generic\pgf\systemlayer\pgfsys-dvips.def"
File: pgfsys-dvips.def 2014/07/09  (rcs-revision 1.25)

("C:\Program Files\MiKTeX 2.9\tex\generic\pgf\systemlayer\pgfsys-common-postscr
ipt.def"
File: pgfsys-common-postscript.def 2008/10/01  (rcs-revision 1.22)
\pgf@objectcount=\count127
)))
("C:\Program Files\MiKTeX 2.9\tex\generic\pgf\systemlayer\pgfsyssoftpath.code.t
ex"
File: pgfsyssoftpath.code.tex 2013/09/09  (rcs-revision 1.9)
\pgfsyssoftpath@smallbuffer@items=\count128
\pgfsyssoftpath@bigbuffer@items=\count129
)
("C:\Program Files\MiKTeX 2.9\tex\generic\pgf\systemlayer\pgfsysprotocol.code.t
ex"
File: pgfsysprotocol.code.tex 2006/10/16  (rcs-revision 1.4)
)) ("C:\Program Files\MiKTeX 2.9\tex\latex\xcolor\xcolor.sty"
Package: xcolor 2016/05/11 v2.12 LaTeX color extensions (UK)

("C:\Program Files\MiKTeX 2.9\tex\latex\graphics-cfg\color.cfg"
File: color.cfg 2016/01/02 v1.6 sample color configuration
)
Package xcolor Info: Driver file: pdftex.def on input line 225.

("C:\Program Files\MiKTeX 2.9\tex\latex\graphics-def\pdftex.def"
File: pdftex.def 2017/12/07 v1.0i Graphics/color driver for pdftex
)
LaTeX Info: Redefining \color on input line 709.
Package xcolor Info: Model `cmy' substituted by `cmy0' on input line 1348.
Package xcolor Info: Model `RGB' extended on input line 1364.
Package xcolor Info: Model `HTML' substituted by `rgb' on input line 1366.
Package xcolor Info: Model `Hsb' substituted by `hsb' on input line 1367.
Package xcolor Info: Model `tHsb' substituted by `hsb' on input line 1368.
Package xcolor Info: Model `HSB' substituted by `hsb' on input line 1369.
Package xcolor Info: Model `Gray' substituted by `gray' on input line 1370.
Package xcolor Info: Model `wave' substituted by `hsb' on input line 1371.
)
("C:\Program Files\MiKTeX 2.9\tex\generic\pgf\basiclayer\pgfcore.code.tex"
Package: pgfcore 2010/04/11 v3.0.1a (rcs-revision 1.7)

("C:\Program Files\MiKTeX 2.9\tex\generic\pgf\math\pgfmath.code.tex"
("C:\Program Files\MiKTeX 2.9\tex\generic\pgf\math\pgfmathcalc.code.tex"
("C:\Program Files\MiKTeX 2.9\tex\generic\pgf\math\pgfmathutil.code.tex")
("C:\Program Files\MiKTeX 2.9\tex\generic\pgf\math\pgfmathparser.code.tex"
\pgfmath@dimen=\dimen139
\pgfmath@count=\count130
\pgfmath@box=\box61
\pgfmath@toks=\toks31
\pgfmath@stack@operand=\toks32
\pgfmath@stack@operation=\toks33
)
("C:\Program Files\MiKTeX 2.9\tex\generic\pgf\math\pgfmathfunctions.code.tex"
("C:\Program Files\MiKTeX 2.9\tex\generic\pgf\math\pgfmathfunctions.basic.code.
tex")
("C:\Program Files\MiKTeX 2.9\tex\generic\pgf\math\pgfmathfunctions.trigonometr
ic.code.tex")
("C:\Program Files\MiKTeX 2.9\tex\generic\pgf\math\pgfmathfunctions.random.code
.tex")
("C:\Program Files\MiKTeX 2.9\tex\generic\pgf\math\pgfmathfunctions.comparison.
code.tex")
("C:\Program Files\MiKTeX 2.9\tex\generic\pgf\math\pgfmathfunctions.base.code.t
ex")
("C:\Program Files\MiKTeX 2.9\tex\generic\pgf\math\pgfmathfunctions.round.code.
tex")
("C:\Program Files\MiKTeX 2.9\tex\generic\pgf\math\pgfmathfunctions.misc.code.t
ex")
("C:\Program Files\MiKTeX 2.9\tex\generic\pgf\math\pgfmathfunctions.integerarit
hmetics.code.tex")))
("C:\Program Files\MiKTeX 2.9\tex\generic\pgf\math\pgfmathfloat.code.tex"
\c@pgfmathroundto@lastzeros=\count131
))
("C:\Program Files\MiKTeX 2.9\tex\generic\pgf\basiclayer\pgfcorepoints.code.tex
"
File: pgfcorepoints.code.tex 2013/10/07  (rcs-revision 1.27)
\pgf@picminx=\dimen140
\pgf@picmaxx=\dimen141
\pgf@picminy=\dimen142
\pgf@picmaxy=\dimen143
\pgf@pathminx=\dimen144
\pgf@pathmaxx=\dimen145
\pgf@pathminy=\dimen146
\pgf@pathmaxy=\dimen147
\pgf@xx=\dimen148
\pgf@xy=\dimen149
\pgf@yx=\dimen150
\pgf@yy=\dimen151
\pgf@zx=\dimen152
\pgf@zy=\dimen153
)
("C:\Program Files\MiKTeX 2.9\tex\generic\pgf\basiclayer\pgfcorepathconstruct.c
ode.tex"
File: pgfcorepathconstruct.code.tex 2013/10/07  (rcs-revision 1.29)
\pgf@path@lastx=\dimen154
\pgf@path@lasty=\dimen155
)
("C:\Program Files\MiKTeX 2.9\tex\generic\pgf\basiclayer\pgfcorepathusage.code.
tex"
File: pgfcorepathusage.code.tex 2014/11/02  (rcs-revision 1.24)
\pgf@shorten@end@additional=\dimen156
\pgf@shorten@start@additional=\dimen157
)
("C:\Program Files\MiKTeX 2.9\tex\generic\pgf\basiclayer\pgfcorescopes.code.tex
"
File: pgfcorescopes.code.tex 2015/05/08  (rcs-revision 1.46)
\pgfpic=\box62
\pgf@hbox=\box63
\pgf@layerbox@main=\box64
\pgf@picture@serial@count=\count132
)
("C:\Program Files\MiKTeX 2.9\tex\generic\pgf\basiclayer\pgfcoregraphicstate.co
de.tex"
File: pgfcoregraphicstate.code.tex 2014/11/02  (rcs-revision 1.12)
\pgflinewidth=\dimen158
)
("C:\Program Files\MiKTeX 2.9\tex\generic\pgf\basiclayer\pgfcoretransformations
.code.tex"
File: pgfcoretransformations.code.tex 2015/08/07  (rcs-revision 1.20)
\pgf@pt@x=\dimen159
\pgf@pt@y=\dimen160
\pgf@pt@temp=\dimen161
)
("C:\Program Files\MiKTeX 2.9\tex\generic\pgf\basiclayer\pgfcorequick.code.tex"
File: pgfcorequick.code.tex 2008/10/09  (rcs-revision 1.3)
)
("C:\Program Files\MiKTeX 2.9\tex\generic\pgf\basiclayer\pgfcoreobjects.code.te
x"
File: pgfcoreobjects.code.tex 2006/10/11  (rcs-revision 1.2)
)
("C:\Program Files\MiKTeX 2.9\tex\generic\pgf\basiclayer\pgfcorepathprocessing.
code.tex"
File: pgfcorepathprocessing.code.tex 2013/09/09  (rcs-revision 1.9)
)
("C:\Program Files\MiKTeX 2.9\tex\generic\pgf\basiclayer\pgfcorearrows.code.tex
"
File: pgfcorearrows.code.tex 2015/05/14  (rcs-revision 1.43)
\pgfarrowsep=\dimen162
)
("C:\Program Files\MiKTeX 2.9\tex\generic\pgf\basiclayer\pgfcoreshade.code.tex"
File: pgfcoreshade.code.tex 2013/07/15  (rcs-revision 1.15)
\pgf@max=\dimen163
\pgf@sys@shading@range@num=\count133
) ("C:\Program Files\MiKTeX 2.9\tex\generic\pgf\basiclayer\pgfcoreimage.code.te
x"
File: pgfcoreimage.code.tex 2013/07/15  (rcs-revision 1.18)

("C:\Program Files\MiKTeX 2.9\tex\generic\pgf\basiclayer\pgfcoreexternal.code.t
ex"
File: pgfcoreexternal.code.tex 2014/07/09  (rcs-revision 1.21)
\pgfexternal@startupbox=\box65
))
("C:\Program Files\MiKTeX 2.9\tex\generic\pgf\basiclayer\pgfcorelayers.code.tex
"
File: pgfcorelayers.code.tex 2013/07/18  (rcs-revision 1.7)
)
("C:\Program Files\MiKTeX 2.9\tex\generic\pgf\basiclayer\pgfcoretransparency.co
de.tex"
File: pgfcoretransparency.code.tex 2013/09/30  (rcs-revision 1.5)
)
("C:\Program Files\MiKTeX 2.9\tex\generic\pgf\basiclayer\pgfcorepatterns.code.t
ex"
File: pgfcorepatterns.code.tex 2013/11/07  (rcs-revision 1.5)
)))
("C:\Program Files\MiKTeX 2.9\tex\generic\pgf\modules\pgfmoduleshapes.code.tex"
File: pgfmoduleshapes.code.tex 2014/03/21  (rcs-revision 1.35)
\pgfnodeparttextbox=\box66
) ("C:\Program Files\MiKTeX 2.9\tex\generic\pgf\modules\pgfmoduleplot.code.tex"
File: pgfmoduleplot.code.tex 2015/08/03  (rcs-revision 1.13)
)
("C:\Program Files\MiKTeX 2.9\tex\latex\pgf\compatibility\pgfcomp-version-0-65.
sty"
Package: pgfcomp-version-0-65 2007/07/03 v3.0.1a (rcs-revision 1.7)
\pgf@nodesepstart=\dimen164
\pgf@nodesepend=\dimen165
)
("C:\Program Files\MiKTeX 2.9\tex\latex\pgf\compatibility\pgfcomp-version-1-18.
sty"
Package: pgfcomp-version-1-18 2007/07/23 v3.0.1a (rcs-revision 1.1)
)) ("C:\Program Files\MiKTeX 2.9\tex\latex\pgf\utilities\pgffor.sty"
("C:\Program Files\MiKTeX 2.9\tex\latex\pgf\utilities\pgfkeys.sty"
("C:\Program Files\MiKTeX 2.9\tex\generic\pgf\utilities\pgfkeys.code.tex"))
("C:\Program Files\MiKTeX 2.9\tex\latex\pgf\math\pgfmath.sty"
("C:\Program Files\MiKTeX 2.9\tex\generic\pgf\math\pgfmath.code.tex"))
("C:\Program Files\MiKTeX 2.9\tex\generic\pgf\utilities\pgffor.code.tex"
Package: pgffor 2013/12/13 v3.0.1a (rcs-revision 1.25)

("C:\Program Files\MiKTeX 2.9\tex\generic\pgf\math\pgfmath.code.tex")
\pgffor@iter=\dimen166
\pgffor@skip=\dimen167
\pgffor@stack=\toks34
\pgffor@toks=\toks35
))
("C:\Program Files\MiKTeX 2.9\tex\generic\pgf\frontendlayer\tikz\tikz.code.tex"
Package: tikz 2015/08/07 v3.0.1a (rcs-revision 1.151)

("C:\Program Files\MiKTeX 2.9\tex\generic\pgf\libraries\pgflibraryplothandlers.
code.tex"
File: pgflibraryplothandlers.code.tex 2013/08/31 v3.0.1a (rcs-revision 1.20)
\pgf@plot@mark@count=\count134
\pgfplotmarksize=\dimen168
)
\tikz@lastx=\dimen169
\tikz@lasty=\dimen170
\tikz@lastxsaved=\dimen171
\tikz@lastysaved=\dimen172
\tikzleveldistance=\dimen173
\tikzsiblingdistance=\dimen174
\tikz@figbox=\box67
\tikz@figbox@bg=\box68
\tikz@tempbox=\box69
\tikz@tempbox@bg=\box70
\tikztreelevel=\count135
\tikznumberofchildren=\count136
\tikznumberofcurrentchild=\count137
\tikz@fig@count=\count138

("C:\Program Files\MiKTeX 2.9\tex\generic\pgf\modules\pgfmodulematrix.code.tex"
File: pgfmodulematrix.code.tex 2013/09/17  (rcs-revision 1.8)
\pgfmatrixcurrentrow=\count139
\pgfmatrixcurrentcolumn=\count140
\pgf@matrix@numberofcolumns=\count141
)
\tikz@expandcount=\count142

("C:\Program Files\MiKTeX 2.9\tex\generic\pgf\frontendlayer\tikz\libraries\tikz
librarytopaths.code.tex"
File: tikzlibrarytopaths.code.tex 2008/06/17 v3.0.1a (rcs-revision 1.2)
)))
("C:\Program Files\MiKTeX 2.9\tex\generic\pgf\frontendlayer\tikz\libraries\tikz
libraryshapes.code.tex"
File: tikzlibraryshapes.code.tex 2008/01/09 v3.0.1a (rcs-revision 1.1)

("C:\Program Files\MiKTeX 2.9\tex\generic\pgf\frontendlayer\tikz\libraries\tikz
libraryshapes.geometric.code.tex"
File: tikzlibraryshapes.geometric.code.tex 2008/01/09 v3.0.1a (rcs-revision 1.1
)

("C:\Program Files\MiKTeX 2.9\tex\generic\pgf\libraries\shapes\pgflibraryshapes
.geometric.code.tex"
File: pgflibraryshapes.geometric.code.tex 2008/06/26 v3.0.1a (rcs-revision 1.1)

))
("C:\Program Files\MiKTeX 2.9\tex\generic\pgf\frontendlayer\tikz\libraries\tikz
libraryshapes.misc.code.tex"
File: tikzlibraryshapes.misc.code.tex 2008/01/09 v3.0.1a (rcs-revision 1.1)

("C:\Program Files\MiKTeX 2.9\tex\generic\pgf\libraries\shapes\pgflibraryshapes
.misc.code.tex"
File: pgflibraryshapes.misc.code.tex 2013/07/18 v3.0.1a (rcs-revision 1.5)
))
("C:\Program Files\MiKTeX 2.9\tex\generic\pgf\frontendlayer\tikz\libraries\tikz
libraryshapes.symbols.code.tex"
File: tikzlibraryshapes.symbols.code.tex 2008/01/09 v3.0.1a (rcs-revision 1.1)

("C:\Program Files\MiKTeX 2.9\tex\generic\pgf\libraries\shapes\pgflibraryshapes
.symbols.code.tex"
File: pgflibraryshapes.symbols.code.tex 2013/09/11 v3.0.1a (rcs-revision 1.6)
))
("C:\Program Files\MiKTeX 2.9\tex\generic\pgf\frontendlayer\tikz\libraries\tikz
libraryshapes.arrows.code.tex"
File: tikzlibraryshapes.arrows.code.tex 2008/01/09 v3.0.1a (rcs-revision 1.1)

("C:\Program Files\MiKTeX 2.9\tex\generic\pgf\libraries\shapes\pgflibraryshapes
.arrows.code.tex"
File: pgflibraryshapes.arrows.code.tex 2008/06/26 v3.0.1a (rcs-revision 1.1)
))
("C:\Program Files\MiKTeX 2.9\tex\generic\pgf\frontendlayer\tikz\libraries\tikz
libraryshapes.callouts.code.tex"
("C:\Program Files\MiKTeX 2.9\tex\generic\pgf\libraries\shapes\pgflibraryshapes
.callouts.code.tex"))
("C:\Program Files\MiKTeX 2.9\tex\generic\pgf\frontendlayer\tikz\libraries\tikz
libraryshapes.multipart.code.tex"
File: tikzlibraryshapes.multipart.code.tex 2008/01/09 v3.0.1a (rcs-revision 1.1
)

("C:\Program Files\MiKTeX 2.9\tex\generic\pgf\libraries\shapes\pgflibraryshapes
.multipart.code.tex"
File: pgflibraryshapes.multipart.code.tex 2010/01/07 v3.0.1a (rcs-revision 1.2)

\pgfnodepartlowerbox=\box71
\pgfnodeparttwobox=\box72
\pgfnodepartthreebox=\box73
\pgfnodepartfourbox=\box74
\pgfnodeparttwentybox=\box75
\pgfnodepartnineteenbox=\box76
\pgfnodeparteighteenbox=\box77
\pgfnodepartseventeenbox=\box78
\pgfnodepartsixteenbox=\box79
\pgfnodepartfifteenbox=\box80
\pgfnodepartfourteenbox=\box81
\pgfnodepartthirteenbox=\box82
\pgfnodeparttwelvebox=\box83
\pgfnodepartelevenbox=\box84
\pgfnodeparttenbox=\box85
\pgfnodepartninebox=\box86
\pgfnodeparteightbox=\box87
\pgfnodepartsevenbox=\box88
\pgfnodepartsixbox=\box89
\pgfnodepartfivebox=\box90
)))
("C:\Program Files\MiKTeX 2.9\tex\generic\pgf\frontendlayer\tikz\libraries\tikz
libraryarrows.code.tex"
File: tikzlibraryarrows.code.tex 2008/01/09 v3.0.1a (rcs-revision 1.1)

("C:\Program Files\MiKTeX 2.9\tex\generic\pgf\libraries\pgflibraryarrows.code.t
ex"
File: pgflibraryarrows.code.tex 2013/09/23 v3.0.1a (rcs-revision 1.16)
\arrowsize=\dimen175
))
("C:\Program Files\MiKTeX 2.9\tex\generic\pgf\frontendlayer\tikz\libraries\tikz
librarychains.code.tex"
File: tikzlibrarychains.code.tex 2013/07/15 v3.0.1a (rcs-revision 1.6)

("C:\Program Files\MiKTeX 2.9\tex\generic\pgf\frontendlayer\tikz\libraries\tikz
librarypositioning.code.tex"
File: tikzlibrarypositioning.code.tex 2008/10/06 v3.0.1a (rcs-revision 1.7)
))
("C:\Program Files\MiKTeX 2.9\tex\generic\pgf\frontendlayer\tikz\libraries\tikz
librarymatrix.code.tex"
File: tikzlibrarymatrix.code.tex 2013/07/12 v3.0.1a (rcs-revision 1.4)
)
("C:\Program Files\MiKTeX 2.9\tex\generic\pgf\frontendlayer\tikz\libraries\tikz
libraryscopes.code.tex"
File: tikzlibraryscopes.code.tex 2008/06/27 v3.0.1a (rcs-revision 1.2)
)
("C:\Program Files\MiKTeX 2.9\tex\generic\pgf\frontendlayer\tikz\libraries\tikz
librarydecorations.pathmorphing.code.tex"
("C:\Program Files\MiKTeX 2.9\tex\generic\pgf\frontendlayer\tikz\libraries\tikz
librarydecorations.code.tex"
("C:\Program Files\MiKTeX 2.9\tex\generic\pgf\modules\pgfmoduledecorations.code
.tex"
\pgfdecoratedcompleteddistance=\dimen176
\pgfdecoratedremainingdistance=\dimen177
\pgfdecoratedinputsegmentcompleteddistance=\dimen178
\pgfdecoratedinputsegmentremainingdistance=\dimen179
\pgf@decorate@distancetomove=\dimen180
\pgf@decorate@repeatstate=\count143
\pgfdecorationsegmentamplitude=\dimen181
\pgfdecorationsegmentlength=\dimen182
)
\tikz@lib@dec@box=\box91
)
("C:\Program Files\MiKTeX 2.9\tex\generic\pgf\libraries\decorations\pgflibraryd
ecorations.pathmorphing.code.tex"))
("C:\Program Files\MiKTeX 2.9\tex\generic\pgf\frontendlayer\tikz\libraries\tikz
libraryshadows.code.tex"
File: tikzlibraryshadows.code.tex 2008/01/13 v3.0.1a (rcs-revision 1.3)

("C:\Program Files\MiKTeX 2.9\tex\generic\pgf\frontendlayer\tikz\libraries\tikz
libraryfadings.code.tex"
File: tikzlibraryfadings.code.tex 2009/11/15 v3.0.1a (rcs-revision 1.2)

("C:\Program Files\MiKTeX 2.9\tex\generic\pgf\libraries\pgflibraryfadings.code.
tex"
File: pgflibraryfadings.code.tex 2008/02/07 v3.0.1a (rcs-revision 1.3)


Package pgf Warning: Your graphic driver pgfsys-dvips.def does not support fadi
ngs. This warning is given only once on input line 31.

)))
("C:\Program Files\MiKTeX 2.9\tex\generic\pgf\frontendlayer\tikz\libraries\tikz
librarycalc.code.tex"
File: tikzlibrarycalc.code.tex 2013/07/15 v3.0.1a (rcs-revision 1.9)
) (Report.aux

LaTeX Warning: Label `sc' multiply defined.

)
\openout1 = `Report.aux'.

LaTeX Font Info:    Checking defaults for OML/cmm/m/it on input line 30.
LaTeX Font Info:    ... okay on input line 30.
LaTeX Font Info:    Checking defaults for T1/cmr/m/n on input line 30.
LaTeX Font Info:    ... okay on input line 30.
LaTeX Font Info:    Checking defaults for OT1/cmr/m/n on input line 30.
LaTeX Font Info:    ... okay on input line 30.
LaTeX Font Info:    Checking defaults for OMS/cmsy/m/n on input line 30.
LaTeX Font Info:    ... okay on input line 30.
LaTeX Font Info:    Checking defaults for OMX/cmex/m/n on input line 30.
LaTeX Font Info:    ... okay on input line 30.
LaTeX Font Info:    Checking defaults for U/cmr/m/n on input line 30.
LaTeX Font Info:    ... okay on input line 30.
LaTeX Font Info:    Checking defaults for OT2/cmr/m/n on input line 30.
LaTeX Font Info:    Try loading font information for OT2+cmr on input line 30.
 ("C:\Program Files\MiKTeX 2.9\tex\latex\cyrillic\ot2cmr.fd"
File: ot2cmr.fd 2001/08/11 v3.2c Computer Modern Cyrillic font definitions
)
LaTeX Font Info:    ... okay on input line 30.

ABD: EveryShipout initializing macros
("C:\Program Files\MiKTeX 2.9\tex\context\base\supp-pdf.mkii"
[Loading MPS to PDF converter (version 2006.09.02).]
\scratchcounter=\count144
\scratchdimen=\dimen183
\scratchbox=\box92
\nofMPsegments=\count145
\nofMParguments=\count146
\everyMPshowfont=\toks36
\MPscratchCnt=\count147
\MPscratchDim=\dimen184
\MPnumerator=\count148
\makeMPintoPDFobject=\count149
\everyMPtoPDFconversion=\toks37
) ("C:\Program Files\MiKTeX 2.9\tex\latex\oberdiek\epstopdf-base.sty"
Package: epstopdf-base 2016/05/15 v2.6 Base part for package epstopdf

("C:\Program Files\MiKTeX 2.9\tex\generic\oberdiek\infwarerr.sty"
Package: infwarerr 2016/05/16 v1.4 Providing info/warning/error messages (HO)
)
("C:\Program Files\MiKTeX 2.9\tex\latex\oberdiek\grfext.sty"
Package: grfext 2016/05/16 v1.2 Manage graphics extensions (HO)

("C:\Program Files\MiKTeX 2.9\tex\generic\oberdiek\kvdefinekeys.sty"
Package: kvdefinekeys 2016/05/16 v1.4 Define keys (HO)

("C:\Program Files\MiKTeX 2.9\tex\generic\oberdiek\ltxcmds.sty"
Package: ltxcmds 2016/05/16 v1.23 LaTeX kernel commands for general use (HO)
)))
("C:\Program Files\MiKTeX 2.9\tex\latex\oberdiek\kvoptions.sty"
Package: kvoptions 2016/05/16 v3.12 Key value format for package options (HO)

("C:\Program Files\MiKTeX 2.9\tex\generic\oberdiek\kvsetkeys.sty"
Package: kvsetkeys 2016/05/16 v1.17 Key value parser (HO)

("C:\Program Files\MiKTeX 2.9\tex\generic\oberdiek\etexcmds.sty"
Package: etexcmds 2016/05/16 v1.6 Avoid name clashes with e-TeX commands (HO)

("C:\Program Files\MiKTeX 2.9\tex\generic\oberdiek\ifluatex.sty"
Package: ifluatex 2016/05/16 v1.4 Provides the ifluatex switch (HO)
Package ifluatex Info: LuaTeX not detected.
)
Package etexcmds Info: Could not find \expanded.
(etexcmds)             That can mean that you are not using pdfTeX 1.50 or
(etexcmds)             that some package has redefined \expanded.
(etexcmds)             In the latter case, load this package earlier.
)))
("C:\Program Files\MiKTeX 2.9\tex\generic\oberdiek\pdftexcmds.sty"
Package: pdftexcmds 2017/03/19 v0.25 Utility functions of pdfTeX for LuaTeX (HO
)

("C:\Program Files\MiKTeX 2.9\tex\generic\oberdiek\ifpdf.sty"
Package: ifpdf 2017/03/15 v3.2 Provides the ifpdf switch
)
Package pdftexcmds Info: LuaTeX not detected.
Package pdftexcmds Info: \pdf@primitive is available.
Package pdftexcmds Info: \pdf@ifprimitive is available.
Package pdftexcmds Info: \pdfdraftmode found.
)
Package epstopdf-base Info: Redefining graphics rule for `.eps' on input line 4
38.
Package grfext Info: Graphics extension search list:
(grfext)             [.pdf,.png,.jpg,.mps,.jpeg,.jbig2,.jb2,.PDF,.PNG,.JPG,.JPE
G,.JBIG2,.JB2,.eps]
(grfext)             \AppendGraphicsExtensions on input line 456.
)
<figures/gect.jpg, id=1, 229.8186pt x 220.6644pt>
File: figures/gect.jpg Graphic file (type jpg)
<use figures/gect.jpg>
Package pdftex.def Info: figures/gect.jpg  used on input line 47.
(pdftex.def)             Requested size: 130.0862pt x 130.08984pt.
 [1
Non-PDF special ignored!
Non-PDF special ignored!
Non-PDF special ignored!
Non-PDF special ignored!
Non-PDF special ignored!
Non-PDF special ignored!
Non-PDF special ignored!
Non-PDF special ignored!


Non-PDF special ignored!
Non-PDF special ignored!
Non-PDF special ignored!
Non-PDF special ignored!
Non-PDF special ignored!
Non-PDF special ignored!
Non-PDF special ignored!
Non-PDF special ignored!{C:/Users/Alin anto/AppData/Local/MiKTeX/2.9/pdftex/con
fig/pdftex.map} <./figures/gect.jpg>]
Missing character: There is no ‚ in font cmr12!
Missing character: There is no Ä in font cmr12!
Missing character: There is no ú in font cmr12!
Missing character: There is no ‚ in font cmr12!
Missing character: There is no Ä in font cmr12!
Missing character: There is no ù in font cmr12!

Underfull \hbox (badness 10000) in paragraph at lines 59--60

 []

LaTeX Font Info:    Try loading font information for U+msa on input line 61.
("C:\Program Files\MiKTeX 2.9\tex\latex\amsfonts\umsa.fd"
File: umsa.fd 2013/01/14 v3.01 AMS symbols A
)
LaTeX Font Info:    Try loading font information for U+msb on input line 61.

("C:\Program Files\MiKTeX 2.9\tex\latex\amsfonts\umsb.fd"
File: umsb.fd 2013/01/14 v3.01 AMS symbols B
) [1]
File: figures/gect.jpg Graphic file (type jpg)
<use figures/gect.jpg>
Package pdftex.def Info: figures/gect.jpg  used on input line 77.
(pdftex.def)             Requested size: 113.81102pt x 109.27803pt.

Overfull \hbox (6.06131pt too wide) in paragraph at lines 80--81
 \OT1/cmr/m/n/12 This is to cer-tify that the Project Re-port ti-tled \OT1/cmr/
bx/n/12 ``NINE LEVEL IN-VERTER BASED
 []


Underfull \hbox (badness 10000) in paragraph at lines 80--81

 []


Underfull \hbox (badness 10000) in paragraph at lines 82--83

 []


Overfull \hbox (4.11154pt too wide) in paragraph at lines 84--91
[]
 []


Underfull \hbox (badness 10000) in paragraph at lines 84--91

 []

[2

]
Underfull \hbox (badness 10000) in paragraph at lines 109--111

 []

[3


] [4


] (Report.toc [5


])
\tf@toc=\write4
\openout4 = `Report.toc'.

 [6] (Report.lof [7


])
\tf@lof=\write5
\openout5 = `Report.lof'.

 [8] (Report.lot)
\tf@lot=\write6
\openout6 = `Report.lot'.

 [9


]
Chapter 1.

Underfull \hbox (badness 10000) in paragraph at lines 131--132

 []


Underfull \hbox (badness 10000) in paragraph at lines 133--136

 []


Underfull \hbox (badness 10000) in paragraph at lines 139--141

 []


Underfull \hbox (badness 10000) in paragraph at lines 142--145

 []


Underfull \hbox (badness 10000) in paragraph at lines 146--147

 []

[10


]
Underfull \hbox (badness 10000) in paragraph at lines 148--153

 []

[11]
Chapter 2.

Underfull \hbox (badness 10000) in paragraph at lines 184--190

 []


Underfull \hbox (badness 10000) in paragraph at lines 192--200

 []


Underfull \hbox (badness 10000) in paragraph at lines 202--210

 []

[12

]
Underfull \hbox (badness 10000) in paragraph at lines 224--232

 []

<figures/diode.jpg, id=49, 571.53525pt x 358.941pt>
File: figures/diode.jpg Graphic file (type jpg)
<use figures/diode.jpg>
Package pdftex.def Info: figures/diode.jpg  used on input line 234.
(pdftex.def)             Requested size: 341.43251pt x 199.16531pt.
Missing character: There is no ‚ in font cmr12!
Missing character: There is no Ä in font cmr12!
Missing character: There is no ú in font cmr12!
Missing character: There is no ‚ in font cmr12!
Missing character: There is no Ä in font cmr12!
Missing character: There is no ù in font cmr12!

Underfull \hbox (badness 10000) in paragraph at lines 238--244

 []

[13 <./figures/diode.jpg>]
Underfull \hbox (badness 10000) in paragraph at lines 245--254

 []

<figures/capac.jpg, id=53, 418.56375pt x 342.078pt>
File: figures/capac.jpg Graphic file (type jpg)
<use figures/capac.jpg>
Package pdftex.def Info: figures/capac.jpg  used on input line 277.
(pdftex.def)             Requested size: 341.42981pt x 199.17265pt.

LaTeX Warning: `h' float specifier changed to `ht'.

Missing character: There is no ‚ in font cmr12!
Missing character: There is no Ä in font cmr12!
Missing character: There is no ô in font cmr12!

Underfull \hbox (badness 10000) in paragraph at lines 281--289

 []

[14]
<figures/hbridge.jpg, id=58, 451.08525pt x 283.65974pt>
File: figures/hbridge.jpg Graphic file (type jpg)
<use figures/hbridge.jpg>
Package pdftex.def Info: figures/hbridge.jpg  used on input line 303.
(pdftex.def)             Requested size: 341.44487pt x 199.17075pt.


LaTeX Warning: `!h' float specifier changed to `!ht'.


Underfull \hbox (badness 10000) in paragraph at lines 307--311

 []

[15 <./figures/capac.jpg>]
Underfull \hbox (badness 10000) in paragraph at lines 312--313

 []

[16 <./figures/hbridge.jpg>]
Chapter 3.
<figures/Main_Circuit.png, id=66, 1078.62975pt x 475.7775pt>
File: figures/Main_Circuit.png Graphic file (type png)
<use figures/Main_Circuit.png>
Package pdftex.def Info: figures/Main_Circuit.png  used on input line 321.
(pdftex.def)             Requested size: 455.24332pt x 199.1718pt.

Underfull \hbox (badness 10000) in paragraph at lines 328--329

 []

[17


 <./figures/Main_Circuit.png>]
Underfull \hbox (badness 10000) in paragraph at lines 351--352

 []


LaTeX Warning: `!h' float specifier changed to `!ht'.


Underfull \hbox (badness 10000) in paragraph at lines 372--373

 []

[18]
<figures/Mode.png, id=77, 685.8122pt x 410.2828pt>
File: figures/Mode.png Graphic file (type png)
<use figures/Mode.png>
Package pdftex.def Info: figures/Mode.png  used on input line 378.
(pdftex.def)             Requested size: 469.48552pt x 284.52281pt.

Overfull \hbox (14.18431pt too wide) in paragraph at lines 378--379
[][] 
 []


LaTeX Warning: `!h' float specifier changed to `!ht'.


Underfull \hbox (badness 10000) in paragraph at lines 383--384

 []


Underfull \hbox (badness 10000) in paragraph at lines 385--386

 []


Underfull \hbox (badness 10000) in paragraph at lines 387--388

 []

[19]
Underfull \hbox (badness 10000) in paragraph at lines 389--392

 []


Underfull \hbox (badness 10000) in paragraph at lines 394--395

 []

[20 <./figures/Mode.png>]
Underfull \hbox (badness 10000) in paragraph at lines 417--418

 []


Underfull \hbox (badness 10000) in paragraph at lines 441--442

 []

[21]
<figures/PWMSCHEME.png, id=88, 391.4625pt x 317.68687pt>
File: figures/PWMSCHEME.png Graphic file (type png)
<use figures/PWMSCHEME.png>
Package pdftex.def Info: figures/PWMSCHEME.png  used on input line 445.
(pdftex.def)             Requested size: 469.49579pt x 284.55338pt.

Overfull \hbox (14.19458pt too wide) in paragraph at lines 445--446
 [] 
 []


Underfull \hbox (badness 10000) in paragraph at lines 451--452

 []

<figures/switching_graph_states.png, id=89, 499.26524pt x 592.01175pt>
File: figures/switching_graph_states.png Graphic file (type png)
<use figures/switching_graph_states.png>
Package pdftex.def Info: figures/switching_graph_states.png  used on input line
 455.
(pdftex.def)             Requested size: 426.80003pt x 455.24522pt.
[22 <./figures/PWMSCHEME.png (PNG copy)>] [23 <./figures/switching_graph_states
.png>]
Chapter 4.
<figures/SIMULINKCIRCUIT.png, id=97, 825.68475pt x 372.79276pt>
File: figures/SIMULINKCIRCUIT.png Graphic file (type png)
<use figures/SIMULINKCIRCUIT.png>
Package pdftex.def Info: figures/SIMULINKCIRCUIT.png  used on input line 469.
(pdftex.def)             Requested size: 455.24933pt x 227.62509pt.

Underfull \hbox (badness 10000) in paragraph at lines 474--476

 []

[24


 <./figures/SIMULINKCIRCUIT.png>]
<figures/PD_PWM.jpg, id=103, 651.6345pt x 470.35725pt>
File: figures/PD_PWM.jpg Graphic file (type jpg)
<use figures/PD_PWM.jpg>
Package pdftex.def Info: figures/PD_PWM.jpg  used on input line 508.
(pdftex.def)             Requested size: 426.78893pt x 341.44165pt.
<figures/Measurement.png, id=104, 1115.367pt x 504.6855pt>
File: figures/Measurement.png Graphic file (type png)
<use figures/Measurement.png>
Package pdftex.def Info: figures/Measurement.png  used on input line 516.
(pdftex.def)             Requested size: 426.78818pt x 227.62233pt.
 [25 <./figures/PD_PWM.jpg>]
Underfull \hbox (badness 10000) in paragraph at lines 523--524

 []


Underfull \hbox (badness 10000) in paragraph at lines 525--526

 []


Underfull \hbox (badness 10000) in paragraph at lines 527--528

 []

[26 <./figures/Measurement.png>]
<figures/SIMULINKANALYSIS.png, id=112, 248.127pt x 455.301pt>
File: figures/SIMULINKANALYSIS.png Graphic file (type png)
<use figures/SIMULINKANALYSIS.png>
Package pdftex.def Info: figures/SIMULINKANALYSIS.png  used on input line 532.
(pdftex.def)             Requested size: 199.1682pt x 341.44017pt.

Underfull \hbox (badness 10000) in paragraph at lines 529--536

 []

<figures/SIMULINKOUTPUT.png, id=113, 386.94562pt x 523.20468pt>
File: figures/SIMULINKOUTPUT.png Graphic file (type png)
<use figures/SIMULINKOUTPUT.png>
Package pdftex.def Info: figures/SIMULINKOUTPUT.png  used on input line 539.
(pdftex.def)             Requested size: 426.79874pt x 569.06831pt.
<figures/FFT_Ronly.png, id=114, 781.7205pt x 555.2745pt>
File: figures/FFT_Ronly.png Graphic file (type png)
<use figures/FFT_Ronly.png>
Package pdftex.def Info: figures/FFT_Ronly.png  used on input line 546.
(pdftex.def)             Requested size: 398.35013pt x 241.84747pt.
[27 <./figures/SIMULINKANALYSIS.png>]
<figures/FFT_RL.png, id=119, 784.1295pt x 555.87675pt>
File: figures/FFT_RL.png Graphic file (type png)
<use figures/FFT_RL.png>
Package pdftex.def Info: figures/FFT_RL.png  used on input line 553.
(pdftex.def)             Requested size: 398.33336pt x 241.84685pt.
 [28 <./figures/SIMULINKOUTPUT.png>]
[29 <./figures/FFT_Ronly.png> <./figures/FFT_RL.png>]
Chapter 5.

Underfull \hbox (badness 10000) in paragraph at lines 564--565

 []

[30


]
<figures/IRFP460.jpg, id=133, 343.2825pt x 343.2825pt>
File: figures/IRFP460.jpg Graphic file (type jpg)
<use figures/IRFP460.jpg>
Package pdftex.def Info: figures/IRFP460.jpg  used on input line 607.
(pdftex.def)             Requested size: 113.80737pt x 113.80737pt.
<figures/MUR460.jpg, id=134, 225.84375pt x 225.84375pt>
File: figures/MUR460.jpg Graphic file (type jpg)
<use figures/MUR460.jpg>
Package pdftex.def Info: figures/MUR460.jpg  used on input line 657.
(pdftex.def)             Requested size: 113.81412pt x 113.81412pt.

Underfull \hbox (badness 10000) in paragraph at lines 635--662

 []


Underfull \hbox (badness 10000) in paragraph at lines 663--667

 []

[31 <./figures/IRFP460.jpg> <./figures/MUR460.jpg>]
<figures/dsp_PINOUT.png, id=139, 1021.416pt x 332.442pt>
File: figures/dsp_PINOUT.png Graphic file (type png)
<use figures/dsp_PINOUT.png>
Package pdftex.def Info: figures/dsp_PINOUT.png  used on input line 671.
(pdftex.def)             Requested size: 455.23784pt x 170.71495pt.

Underfull \hbox (badness 10000) in paragraph at lines 678--679

 []

LaTeX Font Info:    Try loading font information for OMS+cmr on input line 682.

("C:\Program Files\MiKTeX 2.9\tex\latex\base\omscmr.fd"
File: omscmr.fd 2014/09/29 v2.5h Standard LaTeX font definitions
)
LaTeX Font Info:    Font shape `OMS/cmr/m/n' in size <12> not available
(Font)              Font shape `OMS/cmsy/m/n' tried instead on input line 682.
Missing character: There is no ‚ in font cmr12!
Missing character: There is no Ä in font cmr12!
Missing character: There is no ¢ in font cmr12!
Missing character: There is no ‚ in font cmr12!
Missing character: There is no Ä in font cmr12!
Missing character: There is no ¢ in font cmr12!
Missing character: There is no ‚ in font cmr12!
Missing character: There is no Ä in font cmr12!
Missing character: There is no ¢ in font cmr12!
Missing character: There is no ‚ in font cmr12!
Missing character: There is no Ä in font cmr12!
Missing character: There is no ¢ in font cmr12!
Missing character: There is no ‚ in font cmr12!
Missing character: There is no Ä in font cmr12!
Missing character: There is no ¢ in font cmr12!
Missing character: There is no ‚ in font cmr12!
Missing character: There is no Ä in font cmr12!
Missing character: There is no ¢ in font cmr12!
Missing character: There is no ‚ in font cmr12!
Missing character: There is no Ä in font cmr12!
Missing character: There is no ¢ in font cmr12!
Missing character: There is no ‚ in font cmr12!
Missing character: There is no Ä in font cmr12!
Missing character: There is no ¢ in font cmr12!

Underfull \hbox (badness 10000) in paragraph at lines 689--697

 []

[32 <./figures/dsp_PINOUT.png>]
Missing character: There is no ‚ in font cmr12!
Missing character: There is no Ä in font cmr12!
Missing character: There is no ¢ in font cmr12!
Missing character: There is no ‚ in font cmr12!
Missing character: There is no Ä in font cmr12!
Missing character: There is no ¢ in font cmr12!
Missing character: There is no ‚ in font cmr12!
Missing character: There is no Ä in font cmr12!
Missing character: There is no ¢ in font cmr12!
Missing character: There is no ‚ in font cmr12!
Missing character: There is no Ä in font cmr12!
Missing character: There is no ¢ in font cmr12!
Missing character: There is no ‚ in font cmr12!
Missing character: There is no Ä in font cmr12!
Missing character: There is no ¢ in font cmr12!
Missing character: There is no ‚ in font cmr12!
Missing character: There is no Ä in font cmr12!
Missing character: There is no ¢ in font cmr12!
Missing character: There is no ‚ in font cmr12!
Missing character: There is no Ä in font cmr12!
Missing character: There is no ¢ in font cmr12!
Missing character: There is no ‚ in font cmr12!
Missing character: There is no Ä in font cmr12!
Missing character: There is no ¢ in font cmr12!
Missing character: There is no ‚ in font cmr12!
Missing character: There is no Ä in font cmr12!
Missing character: There is no ¢ in font cmr12!
Missing character: There is no ‚ in font cmr12!
Missing character: There is no Ä in font cmr12!
Missing character: There is no ¢ in font cmr12!
Missing character: There is no ‚ in font cmr12!
Missing character: There is no Ä in font cmr12!
Missing character: There is no ¢ in font cmr12!
Missing character: There is no ‚ in font cmr12!
Missing character: There is no Ä in font cmr12!
Missing character: There is no ¢ in font cmr12!
Missing character: There is no ‚ in font cmr12!
Missing character: There is no Ä in font cmr12!
Missing character: There is no ¢ in font cmr12!
Missing character: There is no ‚ in font cmr12!
Missing character: There is no Ä in font cmr12!
Missing character: There is no ¢ in font cmr12!
Missing character: There is no ‚ in font cmr12!
Missing character: There is no Ä in font cmr12!
Missing character: There is no ¢ in font cmr12!
 [33]
Underfull \hbox (badness 10000) in paragraph at lines 732--733

 []

<figures/tlp.png, id=147, 192.72pt x 136.71075pt>
File: figures/tlp.png Graphic file (type png)
<use figures/tlp.png>
Package pdftex.def Info: figures/tlp.png  used on input line 765.
(pdftex.def)             Requested size: 199.16838pt x 142.26968pt.

Overfull \hbox (56.9046pt too wide) in paragraph at lines 765--766
 [] 
 []


Underfull \hbox (badness 1331) in paragraph at lines 767--767
[]\OT1/cmr/m/n/12 Figure 5.4: TLP250 Pin
 []


Underfull \hbox (badness 10000) in paragraph at lines 771--772

 []


Underfull \hbox (badness 10000) in paragraph at lines 775--776

 []

[34 <./figures/tlp.png>]
<figures/overall.png, id=152, 910.602pt x 646.21425pt>
File: figures/overall.png Graphic file (type png)
<use figures/overall.png>
Package pdftex.def Info: figures/overall.png  used on input line 779.
(pdftex.def)             Requested size: 455.24431pt x 312.98953pt.

Underfull \hbox (badness 10000) in paragraph at lines 784--785

 []

[35 <./figures/overall.png>]
<figures/dsp1.png, id=157, 258.36525pt x 306.54526pt>
File: figures/dsp1.png Graphic file (type png)
<use figures/dsp1.png>
Package pdftex.def Info: figures/dsp1.png  used on input line 791.
(pdftex.def)             Requested size: 199.1705pt x 284.53687pt.
<figures/dsp1.jpg, id=158, 2169.10374pt x 2795.44376pt>
File: figures/dsp1.jpg Graphic file (type jpg)
<use figures/dsp1.jpg>
Package pdftex.def Info: figures/dsp1.jpg  used on input line 799.
(pdftex.def)             Requested size: 199.14955pt x 284.50873pt.

Overfull \hbox (2.55396pt too wide) in paragraph at lines 788--804
$[]$ $[]$ 
 []

<figures/inverter_art.jpg, id=159, 1715.40875pt x 4100.31876pt>
File: figures/inverter_art.jpg Graphic file (type jpg)
<use figures/inverter_art.jpg>
Package pdftex.def Info: figures/inverter_art.jpg  used on input line 808.
(pdftex.def)             Requested size: 128.0219pt x 227.61418pt.
<figures/invertert.jpg, id=160, 1839.87375pt x 4165.5625pt>
File: figures/invertert.jpg Graphic file (type jpg)
<use figures/invertert.jpg>
Package pdftex.def Info: figures/invertert.jpg  used on input line 816.
(pdftex.def)             Requested size: 128.01823pt x 227.61296pt.

Underfull \hbox (badness 6708) in paragraph at lines 818--818
[]\OT1/cmr/m/n/12 Figure 5.9: PCB Toner
 []

<figures/INVERTERB.PNG, id=161, 226.446pt x 522.753pt>
File: figures/INVERTERB.PNG Graphic file (type png)
<use figures/INVERTERB.PNG>
Package pdftex.def Info: figures/INVERTERB.PNG  used on input line 824.
(pdftex.def)             Requested size: 128.03897pt x 227.61906pt.

Overfull \hbox (2.32pt too wide) in paragraph at lines 805--829
$[]$ $[]$ $[]$ 
 []


Underfull \hbox (badness 10000) in paragraph at lines 805--829

 []

[36 <./figures/dsp1.png> <./figures/dsp1.jpg>]
Underfull \hbox (badness 10000) in paragraph at lines 830--831

 []

<figures/driver.jpg, id=167, 1565.85pt x 4135.45pt>
File: figures/driver.jpg Graphic file (type jpg)
<use figures/driver.jpg>
Package pdftex.def Info: figures/driver.jpg  used on input line 835.
(pdftex.def)             Requested size: 227.60391pt x 512.13425pt.
<figures/design.png, id=168, 277.63725pt x 763.05075pt>
File: figures/design.png Graphic file (type png)
<use figures/design.png>
Package pdftex.def Info: figures/design.png  used on input line 843.
(pdftex.def)             Requested size: 227.63011pt x 512.1728pt.

Overfull \hbox (2.55396pt too wide) in paragraph at lines 832--848
$[]$ $[]$ 
 []

[37 <./figures/inverter_art.jpg> <./figures/invertert.jpg> <./figures/INVERTERB
.PNG>] [38 <./figures/driver.jpg> <./figures/design.png>]
<figures/HARD.jpg, id=177, 3316.39pt x 1895.08pt>
File: figures/HARD.jpg Graphic file (type jpg)
<use figures/HARD.jpg>
Package pdftex.def Info: figures/HARD.jpg  used on input line 854.
(pdftex.def)             Requested size: 455.23334pt x 256.05609pt.

Underfull \hbox (badness 10000) in paragraph at lines 859--863

 []


Underfull \hbox (badness 10000) in paragraph at lines 864--865

 []

<figures/HAS.JPG, id=178, 4175.6pt x 3131.7pt>
File: figures/HAS.JPG Graphic file (type jpg)
<use figures/HAS.JPG>
Package pdftex.def Info: figures/HAS.JPG  used on input line 868.
(pdftex.def)             Requested size: 455.2397pt x 256.03648pt.
[39

 <./figures/HARD.jpg>]
Underfull \hbox (badness 10000) in paragraph at lines 873--874

 []

[40 <./figures/HAS.JPG>]
<figures/out.png, id=185, 384.2355pt x 580.569pt>
File: figures/out.png Graphic file (type png)
<use figures/out.png>
Package pdftex.def Info: figures/out.png  used on input line 880.
(pdftex.def)             Requested size: 455.25838pt x 526.37856pt.
<figures/HPF.JPG, id=186, 256.96pt x 192.72pt>
File: figures/HPF.JPG Graphic file (type jpg)
<use figures/HPF.JPG>
Package pdftex.def Info: figures/HPF.JPG  used on input line 886.
(pdftex.def)             Requested size: 455.28183pt x 256.07323pt.
<figures/LPF.JPG, id=187, 256.96pt x 192.72pt>
File: figures/LPF.JPG Graphic file (type jpg)
<use figures/LPF.JPG>
Package pdftex.def Info: figures/LPF.JPG  used on input line 892.
(pdftex.def)             Requested size: 455.28183pt x 256.07323pt.
 [41

 <./figures/out.png>] [42 <./figures/HPF.JPG> <./figures/LPF.JPG>] [43]
Chapter 6.
(Report.bbl [44

]) [45

] (Report.aux)

LaTeX Warning: There were multiply-defined labels.

 ) 
Here is how much of TeX's memory you used:
 16769 strings out of 493308
 354057 string characters out of 3138754
 408265 words of memory out of 3000000
 19895 multiletter control sequences out of 15000+200000
 11063 words of font info for 41 fonts, out of 3000000 for 9000
 1141 hyphenation exceptions out of 8191
 55i,12n,82p,1539b,323s stack positions out of 5000i,500n,10000p,200000b,50000s
<C:/Program Files/MiKTeX 2.9/fonts/type1/public/amsfonts/cm/cmbx12.pfb><C:/Pr
ogram Files/MiKTeX 2.9/fonts/type1/public/amsfonts/cm/cmmi12.pfb><C:/Program Fi
les/MiKTeX 2.9/fonts/type1/public/amsfonts/cm/cmmi8.pfb><C:/Program Files/MiKTe
X 2.9/fonts/type1/public/amsfonts/cm/cmr12.pfb><C:/Program Files/MiKTeX 2.9/fon
ts/type1/public/amsfonts/cm/cmr17.pfb><C:/Program Files/MiKTeX 2.9/fonts/type1/
public/amsfonts/cm/cmr8.pfb><C:/Program Files/MiKTeX 2.9/fonts/type1/public/ams
fonts/cm/cmsy10.pfb><C:/Program Files/MiKTeX 2.9/fonts/type1/public/amsfonts/cm
/cmsy8.pfb><C:/Program Files/MiKTeX 2.9/fonts/type1/public/amsfonts/cm/cmti12.p
fb>
Output written on Report.pdf (46 pages, 15002808 bytes).
PDF statistics:
 236 PDF objects out of 1000 (max. 8388607)
 0 named destinations out of 1000 (max. 500000)
 161 words of extra memory for PDF output out of 10000 (max. 10000000)

